<?xml version="1.0" encoding="UTF-8"?>
<!-- Generated by org.testng.reporters.JUnitXMLReporter -->
<testsuite ignored="1" hostname="LAPTOP-IO7O6G3K" failures="0" tests="1" name="Default test" time="9.451" errors="0" timestamp="2024-06-20T20:55:08 IST">
  <testcase classname="test.CartTest" name="verifyAmountsInCart" time="2.918"/>
  <testcase classname="test.CartTest" name="verifyAddToCartFromOrderDeatils" time="0.0">
    <ignored/>
  </testcase> <!-- verifyAddToCartFromOrderDeatils -->
</testsuite> <!-- Default test -->
