<?xml version="1.0" encoding="UTF-8"?>
<testng-results ignored="0" total="1" passed="1" failed="0" skipped="0">
  <reporter-output>
  </reporter-output>
  <suite started-at="2024-06-19T20:52:27 IST" name="Default suite" finished-at="2024-06-19T20:52:33 IST" duration-ms="5901">
    <groups>
    </groups>
    <test started-at="2024-06-19T20:52:27 IST" name="Default test" finished-at="2024-06-19T20:52:33 IST" duration-ms="5901">
      <class name="test.CartTest">
        <test-method is-config="true" signature="openApplication()[pri:0, instance:test.CartTest@f78a47e]" started-at="2024-06-19T20:52:27 IST" name="openApplication" finished-at="2024-06-19T20:52:31 IST" duration-ms="3862" status="PASS">
          <reporter-output>
          </reporter-output>
        </test-method> <!-- openApplication -->
        <test-method signature="verifyAddToCartFromOrderDeatils()[pri:0, instance:test.CartTest@f78a47e]" started-at="2024-06-19T20:52:31 IST" name="verifyAddToCartFromOrderDeatils" finished-at="2024-06-19T20:52:33 IST" duration-ms="2003" status="PASS">
          <reporter-output>
          </reporter-output>
        </test-method> <!-- verifyAddToCartFromOrderDeatils -->
      </class> <!-- test.CartTest -->
    </test> <!-- Default test -->
  </suite> <!-- Default suite -->
</testng-results>
