<?xml version="1.0" encoding="UTF-8"?>
<testng-results ignored="0" total="1" passed="1" failed="0" skipped="0">
  <reporter-output>
  </reporter-output>
  <suite started-at="2024-06-20T20:54:58 IST" name="Default suite" finished-at="2024-06-20T20:55:08 IST" duration-ms="9451">
    <groups>
    </groups>
    <test started-at="2024-06-20T20:54:58 IST" name="Default test" finished-at="2024-06-20T20:55:08 IST" duration-ms="9451">
      <class name="test.CartTest">
        <test-method is-config="true" signature="openApplication()[pri:0, instance:test.CartTest@644baf4a]" started-at="2024-06-20T20:54:58 IST" name="openApplication" finished-at="2024-06-20T20:55:05 IST" duration-ms="6480" status="PASS">
          <reporter-output>
          </reporter-output>
        </test-method> <!-- openApplication -->
        <test-method signature="verifyAmountsInCart()[pri:0, instance:test.CartTest@644baf4a]" started-at="2024-06-20T20:55:05 IST" name="verifyAmountsInCart" finished-at="2024-06-20T20:55:08 IST" duration-ms="2918" status="PASS">
          <reporter-output>
          </reporter-output>
        </test-method> <!-- verifyAmountsInCart -->
      </class> <!-- test.CartTest -->
    </test> <!-- Default test -->
  </suite> <!-- Default suite -->
</testng-results>
